<?xml version="1.0" encoding="UTF-8"?>
<testsuite name="test.java.CardTest" tests="5" skipped="0" failures="0" errors="0" timestamp="2017-02-27T00:21:57" hostname="PHI-LONG-PLAZA" time="0.032">
  <properties/>
  <testcase name="testDealOneCardThenShuffle" classname="test.java.CardTest" time="0.016"/>
  <testcase name="testAssertionsEnabled" classname="test.java.CardTest" time="0.0"/>
  <testcase name="testShuffleThenDealAll" classname="test.java.CardTest" time="0.016"/>
  <testcase name="testDealAll" classname="test.java.CardTest" time="0.0"/>
  <testcase name="testDealOneCardThenDeallAll" classname="test.java.CardTest" time="0.0"/>
  <system-out><![CDATA[]]></system-out>
  <system-err><![CDATA[]]></system-err>
</testsuite>
